1624947852.493103 client started (51040): version 3.2a, socket /tmp/tmux-1000/default, protocol 8
1624947852.493128 on Linux 5.12.13-arch1-2 #1 SMP PREEMPT Fri, 25 Jun 2021 22:56:51 +0000
1624947852.493142 using libevent 2.1.12-stable (poll); ncurses 6.2
1624947852.493162 flags are 0x10010000
1624947852.493167 socket is /tmp/tmux-1000/default
1624947852.493178 trying connect
1624947852.493240 add peer 0x55a0656ad140: 6 ((nil))
1624947852.493446 sending message 100 to peer 0x55a0656ad140 (4 bytes)
1624947852.493456 sending message 111 to peer 0x55a0656ad140 (8 bytes)
1624947852.493461 sending message 101 to peer 0x55a0656ad140 (16 bytes)
1624947852.493465 sending message 109 to peer 0x55a0656ad140 (4 bytes)
1624947852.493470 sending message 102 to peer 0x55a0656ad140 (11 bytes)
1624947852.493475 sending message 108 to peer 0x55a0656ad140 (30 bytes)
1624947852.493479 sending message 112 to peer 0x55a0656ad140 (70 bytes)
1624947852.493484 sending message 112 to peer 0x55a0656ad140 (5 bytes)
1624947852.493489 sending message 112 to peer 0x55a0656ad140 (5 bytes)
1624947852.493493 sending message 112 to peer 0x55a0656ad140 (6 bytes)
1624947852.493498 sending message 112 to peer 0x55a0656ad140 (6 bytes)
1624947852.493502 sending message 112 to peer 0x55a0656ad140 (11 bytes)
1624947852.493507 sending message 112 to peer 0x55a0656ad140 (10 bytes)
1624947852.493511 sending message 112 to peer 0x55a0656ad140 (13 bytes)
1624947852.493516 sending message 112 to peer 0x55a0656ad140 (13 bytes)
1624947852.493521 sending message 112 to peer 0x55a0656ad140 (18 bytes)
1624947852.493525 sending message 112 to peer 0x55a0656ad140 (11 bytes)
1624947852.493530 sending message 112 to peer 0x55a0656ad140 (21 bytes)
1624947852.493534 sending message 112 to peer 0x55a0656ad140 (13 bytes)
1624947852.493539 sending message 112 to peer 0x55a0656ad140 (7 bytes)
1624947852.493543 sending message 112 to peer 0x55a0656ad140 (13 bytes)
1624947852.493548 sending message 112 to peer 0x55a0656ad140 (7 bytes)
1624947852.493552 sending message 112 to peer 0x55a0656ad140 (13 bytes)
1624947852.493556 sending message 112 to peer 0x55a0656ad140 (9 bytes)
1624947852.493561 sending message 112 to peer 0x55a0656ad140 (21 bytes)
1624947852.493565 sending message 112 to peer 0x55a0656ad140 (13 bytes)
1624947852.493570 sending message 112 to peer 0x55a0656ad140 (8 bytes)
1624947852.493574 sending message 112 to peer 0x55a0656ad140 (12 bytes)
1624947852.493578 sending message 112 to peer 0x55a0656ad140 (13 bytes)
1624947852.493583 sending message 112 to peer 0x55a0656ad140 (9 bytes)
1624947852.493587 sending message 112 to peer 0x55a0656ad140 (9 bytes)
1624947852.493592 sending message 112 to peer 0x55a0656ad140 (12 bytes)
1624947852.493596 sending message 112 to peer 0x55a0656ad140 (8 bytes)
1624947852.493600 sending message 112 to peer 0x55a0656ad140 (7 bytes)
1624947852.493605 sending message 112 to peer 0x55a0656ad140 (7 bytes)
1624947852.493609 sending message 112 to peer 0x55a0656ad140 (9 bytes)
1624947852.493614 sending message 112 to peer 0x55a0656ad140 (13 bytes)
1624947852.493618 sending message 112 to peer 0x55a0656ad140 (9 bytes)
1624947852.493623 sending message 112 to peer 0x55a0656ad140 (15 bytes)
1624947852.493627 sending message 112 to peer 0x55a0656ad140 (13 bytes)
1624947852.493631 sending message 112 to peer 0x55a0656ad140 (12 bytes)
1624947852.493636 sending message 112 to peer 0x55a0656ad140 (8 bytes)
1624947852.493640 sending message 112 to peer 0x55a0656ad140 (14 bytes)
1624947852.493645 sending message 112 to peer 0x55a0656ad140 (9 bytes)
1624947852.493649 sending message 112 to peer 0x55a0656ad140 (10 bytes)
1624947852.493654 sending message 112 to peer 0x55a0656ad140 (10 bytes)
1624947852.493658 sending message 112 to peer 0x55a0656ad140 (10 bytes)
1624947852.493662 sending message 112 to peer 0x55a0656ad140 (10 bytes)
1624947852.493667 sending message 112 to peer 0x55a0656ad140 (11 bytes)
1624947852.493671 sending message 112 to peer 0x55a0656ad140 (10 bytes)
1624947852.493676 sending message 112 to peer 0x55a0656ad140 (8 bytes)
1624947852.493681 sending message 112 to peer 0x55a0656ad140 (11 bytes)
1624947852.493697 sending message 112 to peer 0x55a0656ad140 (11 bytes)
1624947852.493702 sending message 112 to peer 0x55a0656ad140 (11 bytes)
1624947852.493707 sending message 112 to peer 0x55a0656ad140 (8 bytes)
1624947852.493712 sending message 112 to peer 0x55a0656ad140 (8 bytes)
1624947852.493717 sending message 112 to peer 0x55a0656ad140 (8 bytes)
1624947852.493721 sending message 112 to peer 0x55a0656ad140 (10 bytes)
1624947852.493726 sending message 112 to peer 0x55a0656ad140 (10 bytes)
1624947852.493730 sending message 112 to peer 0x55a0656ad140 (10 bytes)
1624947852.493735 sending message 112 to peer 0x55a0656ad140 (10 bytes)
1624947852.493739 sending message 112 to peer 0x55a0656ad140 (10 bytes)
1624947852.493744 sending message 112 to peer 0x55a0656ad140 (11 bytes)
1624947852.493748 sending message 112 to peer 0x55a0656ad140 (11 bytes)
1624947852.493753 sending message 112 to peer 0x55a0656ad140 (10 bytes)
1624947852.493757 sending message 112 to peer 0x55a0656ad140 (9 bytes)
1624947852.493762 sending message 112 to peer 0x55a0656ad140 (9 bytes)
1624947852.493766 sending message 112 to peer 0x55a0656ad140 (12 bytes)
1624947852.493771 sending message 112 to peer 0x55a0656ad140 (9 bytes)
1624947852.493775 sending message 112 to peer 0x55a0656ad140 (6 bytes)
1624947852.493780 sending message 112 to peer 0x55a0656ad140 (13 bytes)
1624947852.493784 sending message 112 to peer 0x55a0656ad140 (8 bytes)
1624947852.493789 sending message 112 to peer 0x55a0656ad140 (15 bytes)
1624947852.493793 sending message 112 to peer 0x55a0656ad140 (13 bytes)
1624947852.493798 sending message 112 to peer 0x55a0656ad140 (70 bytes)
1624947852.493802 sending message 112 to peer 0x55a0656ad140 (69 bytes)
1624947852.493807 sending message 112 to peer 0x55a0656ad140 (10 bytes)
1624947852.493811 sending message 112 to peer 0x55a0656ad140 (8 bytes)
1624947852.493815 sending message 112 to peer 0x55a0656ad140 (15 bytes)
1624947852.493820 sending message 112 to peer 0x55a0656ad140 (13 bytes)
1624947852.493824 sending message 112 to peer 0x55a0656ad140 (10 bytes)
1624947852.493829 sending message 112 to peer 0x55a0656ad140 (10 bytes)
1624947852.493833 sending message 112 to peer 0x55a0656ad140 (5 bytes)
1624947852.493838 sending message 112 to peer 0x55a0656ad140 (15 bytes)
1624947852.493843 sending message 104 to peer 0x55a0656ad140 (0 bytes)
1624947852.493848 sending message 110 to peer 0x55a0656ad140 (0 bytes)
1624947852.493854 sending message 107 to peer 0x55a0656ad140 (4 bytes)
1624947852.493858 sending message 105 to peer 0x55a0656ad140 (39 bytes)
1624947852.493863 sending message 105 to peer 0x55a0656ad140 (22 bytes)
1624947852.493868 sending message 105 to peer 0x55a0656ad140 (14 bytes)
1624947852.493872 sending message 105 to peer 0x55a0656ad140 (54 bytes)
1624947852.493877 sending message 105 to peer 0x55a0656ad140 (11 bytes)
1624947852.493881 sending message 105 to peer 0x55a0656ad140 (18 bytes)
1624947852.493885 sending message 105 to peer 0x55a0656ad140 (12 bytes)
1624947852.493890 sending message 105 to peer 0x55a0656ad140 (1302 bytes)
1624947852.493908 sending message 105 to peer 0x55a0656ad140 (44 bytes)
1624947852.493913 sending message 105 to peer 0x55a0656ad140 (22 bytes)
1624947852.493918 sending message 105 to peer 0x55a0656ad140 (11 bytes)
1624947852.493922 sending message 105 to peer 0x55a0656ad140 (15 bytes)
1624947852.493926 sending message 105 to peer 0x55a0656ad140 (24 bytes)
1624947852.493931 sending message 105 to peer 0x55a0656ad140 (55 bytes)
1624947852.493935 sending message 105 to peer 0x55a0656ad140 (31 bytes)
1624947852.493940 sending message 105 to peer 0x55a0656ad140 (16 bytes)
1624947852.493947 sending message 105 to peer 0x55a0656ad140 (14 bytes)
1624947852.493962 sending message 105 to peer 0x55a0656ad140 (42 bytes)
1624947852.493972 sending message 105 to peer 0x55a0656ad140 (47 bytes)
1624947852.493980 sending message 105 to peer 0x55a0656ad140 (23 bytes)
1624947852.493988 sending message 105 to peer 0x55a0656ad140 (17 bytes)
1624947852.493996 sending message 105 to peer 0x55a0656ad140 (25 bytes)
1624947852.494016 sending message 105 to peer 0x55a0656ad140 (25 bytes)
1624947852.494026 sending message 105 to peer 0x55a0656ad140 (21 bytes)
1624947852.494034 sending message 105 to peer 0x55a0656ad140 (21 bytes)
1624947852.494042 sending message 105 to peer 0x55a0656ad140 (28 bytes)
1624947852.494051 sending message 105 to peer 0x55a0656ad140 (21 bytes)
1624947852.494061 sending message 105 to peer 0x55a0656ad140 (25 bytes)
1624947852.494070 sending message 105 to peer 0x55a0656ad140 (11 bytes)
1624947852.494079 sending message 105 to peer 0x55a0656ad140 (2520 bytes)
1624947852.494092 sending message 105 to peer 0x55a0656ad140 (24 bytes)
1624947852.494099 sending message 105 to peer 0x55a0656ad140 (15 bytes)
1624947852.494104 sending message 105 to peer 0x55a0656ad140 (49 bytes)
1624947852.494109 sending message 105 to peer 0x55a0656ad140 (10 bytes)
1624947852.494113 sending message 105 to peer 0x55a0656ad140 (12 bytes)
1624947852.494118 sending message 105 to peer 0x55a0656ad140 (11 bytes)
1624947852.494123 sending message 105 to peer 0x55a0656ad140 (368 bytes)
1624947852.494127 sending message 105 to peer 0x55a0656ad140 (10 bytes)
1624947852.494132 sending message 105 to peer 0x55a0656ad140 (34 bytes)
1624947852.494136 sending message 105 to peer 0x55a0656ad140 (27 bytes)
1624947852.494141 sending message 105 to peer 0x55a0656ad140 (16 bytes)
1624947852.494146 sending message 105 to peer 0x55a0656ad140 (34 bytes)
1624947852.494150 sending message 105 to peer 0x55a0656ad140 (24 bytes)
1624947852.494155 sending message 105 to peer 0x55a0656ad140 (16 bytes)
1624947852.494159 sending message 105 to peer 0x55a0656ad140 (19 bytes)
1624947852.494164 sending message 105 to peer 0x55a0656ad140 (8 bytes)
1624947852.494168 sending message 105 to peer 0x55a0656ad140 (19 bytes)
1624947852.494173 sending message 105 to peer 0x55a0656ad140 (47 bytes)
1624947852.494177 sending message 105 to peer 0x55a0656ad140 (21 bytes)
1624947852.494182 sending message 105 to peer 0x55a0656ad140 (21 bytes)
1624947852.494186 sending message 105 to peer 0x55a0656ad140 (18 bytes)
1624947852.494191 sending message 105 to peer 0x55a0656ad140 (26 bytes)
1624947852.494195 sending message 105 to peer 0x55a0656ad140 (36 bytes)
1624947852.494200 sending message 105 to peer 0x55a0656ad140 (13 bytes)
1624947852.494204 sending message 105 to peer 0x55a0656ad140 (49 bytes)
1624947852.494209 sending message 105 to peer 0x55a0656ad140 (8 bytes)
1624947852.494213 sending message 105 to peer 0x55a0656ad140 (18 bytes)
1624947852.494218 sending message 105 to peer 0x55a0656ad140 (13 bytes)
1624947852.494222 sending message 105 to peer 0x55a0656ad140 (33 bytes)
1624947852.494227 sending message 105 to peer 0x55a0656ad140 (32 bytes)
1624947852.494231 sending message 105 to peer 0x55a0656ad140 (31 bytes)
1624947852.494236 sending message 105 to peer 0x55a0656ad140 (15 bytes)
1624947852.494240 sending message 105 to peer 0x55a0656ad140 (23 bytes)
1624947852.494245 sending message 105 to peer 0x55a0656ad140 (17 bytes)
1624947852.494249 sending message 105 to peer 0x55a0656ad140 (21 bytes)
1624947852.494254 sending message 105 to peer 0x55a0656ad140 (11 bytes)
1624947852.494258 sending message 105 to peer 0x55a0656ad140 (30 bytes)
1624947852.494263 sending message 105 to peer 0x55a0656ad140 (38 bytes)
1624947852.494268 sending message 105 to peer 0x55a0656ad140 (43 bytes)
1624947852.494272 sending message 105 to peer 0x55a0656ad140 (46 bytes)
1624947852.494277 sending message 105 to peer 0x55a0656ad140 (27 bytes)
1624947852.494281 sending message 105 to peer 0x55a0656ad140 (44 bytes)
1624947852.494286 sending message 105 to peer 0x55a0656ad140 (21 bytes)
1624947852.494291 sending message 105 to peer 0x55a0656ad140 (34 bytes)
1624947852.494295 sending message 105 to peer 0x55a0656ad140 (40 bytes)
1624947852.494300 sending message 105 to peer 0x55a0656ad140 (21 bytes)
1624947852.494304 sending message 105 to peer 0x55a0656ad140 (16 bytes)
1624947852.494309 sending message 105 to peer 0x55a0656ad140 (20 bytes)
1624947852.494313 sending message 105 to peer 0x55a0656ad140 (57 bytes)
1624947852.494326 sending message 105 to peer 0x55a0656ad140 (25 bytes)
1624947852.494331 sending message 105 to peer 0x55a0656ad140 (38 bytes)
1624947852.494336 sending message 105 to peer 0x55a0656ad140 (35 bytes)
1624947852.494340 sending message 105 to peer 0x55a0656ad140 (42 bytes)
1624947852.494346 sending message 105 to peer 0x55a0656ad140 (21 bytes)
1624947852.494355 sending message 105 to peer 0x55a0656ad140 (17 bytes)
1624947852.494363 sending message 105 to peer 0x55a0656ad140 (13 bytes)
1624947852.494372 sending message 106 to peer 0x55a0656ad140 (0 bytes)
1624947852.494393 sending message 200 to peer 0x55a0656ad140 (4 bytes)
1624947852.494401 client loop enter
1624947852.496706 peer 0x55a0656ad140 message 303
1624947852.496724 open write file 2 -
1624947852.496740 sending message 305 to peer 0x55a0656ad140 (8 bytes)
1624947852.496760 write check file 2
1624947852.496937 peer 0x55a0656ad140 message 304
1624947852.496950 write 58 to file 2
1624947852.496957 peer 0x55a0656ad140 message 203
1624947852.496962 file 2 58 bytes left
1624947852.496980 write check file 2
1624947852.496986 client loop exit
